<?xml version="1.0" encoding="UTF-8"?>
<!-- Generated by org.testng.reporters.JUnitXMLReporter -->
<testsuite ignored="0" hostname="pc" failures="0" tests="3" name="Test" time="31.876" errors="0" timestamp="17 Nov 2018 02:09:02 GMT">
  <testcase classname="com.demoaut.newtours.TestCases.InvalidUserTest" name="userValidation" time="1.862"/>
  <testcase classname="com.demoaut.newtours.TestCases.BookTicketTest" name="ticketBookingTest" time="8.373"/>
  <testcase classname="com.demoaut.newtours.TestCases.ValidateUSerTest" name="userValidation" time="4.921"/>
</testsuite> <!-- Test -->
