<?xml version="1.0" encoding="UTF-8"?>
<testsuite xmlns:xsi="http://www.w3.org/2001/XMLSchema-instance" xsi:schemaLocation="https://maven.apache.org/surefire/maven-surefire-plugin/xsd/surefire-test-report.xsd" name="TestSuite" time="146.309" tests="3" errors="0" skipped="0" failures="1">
  <properties>
[...]
</properties>
  <testcase name="ticketBookingTest" classname="com.demoaut.newtours.MavenDemo.BookTicketTest" time="60.751"/>
  <testcase name="userValidation" classname="com.demoaut.newtours.MavenDemo.InvalidUserTest" time="2.083">
    <failure message="expected [false] but found [true]" type="java.lang.AssertionError">java.lang.AssertionError: expected [false] but found [true]
	at com.demoaut.newtours.MavenDemo.InvalidUserTest.userValidation(InvalidUserTest.java:26)
</failure>
    <system-err><![CDATA[Starting ChromeDriver 2.40.565498 (ea082db3280dd6843ebfb08a625e3eb905c4f5ab) on port 32754
Only local connections are allowed.
Nov 19, 2018 9:53:45 PM org.openqa.selenium.remote.ProtocolHandshake createSession
INFO: Detected dialect: OSS
]]></system-err>
  </testcase>
  <testcase name="userValidation" classname="com.demoaut.newtours.MavenDemo.ValidateUSerTest" time="45.041"/>
</testsuite>