-------------------------------------------------------------------------------
Test set: TestSuite
-------------------------------------------------------------------------------
Tests run: 3, Failures: 1, Errors: 0, Skipped: 0, Time elapsed: 146.309 sec <<< FAILURE! - in TestSuite
userValidation(com.demoaut.newtours.MavenDemo.InvalidUserTest)  Time elapsed: 2.083 sec  <<< FAILURE!
java.lang.AssertionError: expected [false] but found [true]
	at com.demoaut.newtours.MavenDemo.InvalidUserTest.userValidation(InvalidUserTest.java:26)

